\BOOKMARK [0][-]{table.caption.7}{Declaration}{}% 1
\BOOKMARK [0][-]{chapter*.8}{Dedication}{}% 2
\BOOKMARK [0][-]{chapter*.9}{Acknowledgment}{}% 3
\BOOKMARK [0][-]{chapter*.10}{Abstract}{}% 4
\BOOKMARK [0][-]{chapter*.12}{List of Figures}{}% 5
\BOOKMARK [0][-]{chapter.1}{ Introduction}{}% 6
\BOOKMARK [1][-]{section.1.1}{Purpose of the Project}{chapter.1}% 7
\BOOKMARK [1][-]{section.1.2}{Purpose of this Document}{chapter.1}% 8
\BOOKMARK [1][-]{section.1.3}{Overview of this Document}{chapter.1}% 9
\BOOKMARK [1][-]{section.1.4}{Objectives}{chapter.1}% 10
\BOOKMARK [1][-]{section.1.5}{Augmented Reality}{chapter.1}% 11
\BOOKMARK [2][-]{subsection.1.5.1}{Motivation}{section.1.5}% 12
\BOOKMARK [2][-]{subsection.1.5.2}{Applications}{section.1.5}% 13
\BOOKMARK [2][-]{subsection.1.5.3}{Mobile AR}{section.1.5}% 14
\BOOKMARK [1][-]{section.1.6}{Firebase}{chapter.1}% 15
\BOOKMARK [2][-]{subsection.1.6.1}{Services}{section.1.6}% 16
\BOOKMARK [2][-]{subsection.1.6.2}{Motivation}{section.1.6}% 17
\BOOKMARK [1][-]{section.1.7}{Summary}{chapter.1}% 18
\BOOKMARK [0][-]{chapter.2}{Specification and Design}{}% 19
\BOOKMARK [1][-]{section.2.1}{User Requirements}{chapter.2}% 20
\BOOKMARK [1][-]{section.2.2}{Architecture}{chapter.2}% 21
\BOOKMARK [1][-]{section.2.3}{Modules}{chapter.2}% 22
\BOOKMARK [1][-]{section.2.4}{Data Flow}{chapter.2}% 23
\BOOKMARK [1][-]{section.2.5}{Data Schema}{chapter.2}% 24
\BOOKMARK [1][-]{section.2.6}{Design and Implementation Constraints}{chapter.2}% 25
\BOOKMARK [0][-]{chapter.3}{Proposed System}{}% 26
\BOOKMARK [1][-]{section.3.1}{Major Areas}{chapter.3}% 27
\BOOKMARK [1][-]{section.3.2}{User Account Management}{chapter.3}% 28
\BOOKMARK [1][-]{section.3.3}{Location Tracking}{chapter.3}% 29
\BOOKMARK [1][-]{section.3.4}{Contacts Management}{chapter.3}% 30
\BOOKMARK [1][-]{section.3.5}{Contact's Location Markers}{chapter.3}% 31
\BOOKMARK [1][-]{section.3.6}{Augmented Reality}{chapter.3}% 32
\BOOKMARK [2][-]{subsection.3.6.1}{Problems}{section.3.6}% 33
\BOOKMARK [2][-]{subsection.3.6.2}{Different Approaches}{section.3.6}% 34
\BOOKMARK [2][-]{subsection.3.6.3}{Unity and Mapbox}{section.3.6}% 35
\BOOKMARK [2][-]{subsection.3.6.4}{ARCore with OpenGL}{section.3.6}% 36
\BOOKMARK [2][-]{subsection.3.6.5}{ARCore Location}{section.3.6}% 37
\BOOKMARK [2][-]{subsection.3.6.6}{Current Approach}{section.3.6}% 38
\BOOKMARK [1][-]{section.3.7}{Real-time Chat}{chapter.3}% 39
\BOOKMARK [1][-]{section.3.8}{Chat Bot Integration}{chapter.3}% 40
\BOOKMARK [0][-]{chapter.4}{Evaluation of Objectives}{}% 41
\BOOKMARK [1][-]{section.4.1}{Location Tracking}{chapter.4}% 42
\BOOKMARK [1][-]{section.4.2}{Contacts}{chapter.4}% 43
\BOOKMARK [1][-]{section.4.3}{Real-time Chat}{chapter.4}% 44
\BOOKMARK [1][-]{section.4.4}{Augmented Reality}{chapter.4}% 45
\BOOKMARK [1][-]{section.4.5}{Chat Bot Integration}{chapter.4}% 46
\BOOKMARK [1][-]{section.4.6}{Economic}{chapter.4}% 47
\BOOKMARK [1][-]{section.4.7}{Summary}{chapter.4}% 48
\BOOKMARK [0][-]{chapter.5}{Conclusion and Future Work}{}% 49
\BOOKMARK [1][-]{section.5.1}{Conclusion}{chapter.5}% 50
\BOOKMARK [1][-]{section.5.2}{Future Work}{chapter.5}% 51
\BOOKMARK [2][-]{subsection.5.2.1}{AR Stability Improvements}{section.5.2}% 52
\BOOKMARK [2][-]{subsection.5.2.2}{VPS}{section.5.2}% 53
\BOOKMARK [2][-]{subsection.5.2.3}{User Groups}{section.5.2}% 54
\BOOKMARK [2][-]{subsection.5.2.4}{Guide in AR}{section.5.2}% 55
\BOOKMARK [2][-]{subsection.5.2.5}{Altitude Usage}{section.5.2}% 56
\BOOKMARK [2][-]{subsection.5.2.6}{Summary}{section.5.2}% 57
\BOOKMARK [0][-]{chapter*.38}{References}{}% 58
